android/app/build/intermediates/manifest_merge_blame_file/debug/processDebugMainManifest/manifest-merger-blame-debug-report.txt
1<?xml version="1.0" encoding="utf-8"?>
2<manifest xmlns:android="http://schemas.android.com/apk/res/android"
3    package="com.hamzatech.chaudhary"
4    android:versionCode="1"
5    android:versionName="1.0.0" >
6
7    <uses-sdk
8        android:minSdkVersion="24"
9        android:targetSdkVersion="36" />
10    <!--
11         The INTERNET permission is required for development. Specifically,
12         the Flutter tool needs it to communicate with the running application
13         to allow setting breakpoints, to provide hot reload, etc.
14    -->
15    <uses-permission android:name="android.permission.INTERNET" />
15-->src\main\AndroidManifest.xml:3:5-66
15-->src\main\AndroidManifest.xml:3:22-64
16    <uses-permission android:name="android.permission.ACCESS_NETWORK_STATE" />
16-->src\main\AndroidManifest.xml:4:5-78
16-->src\main\AndroidManifest.xml:4:22-76
17    <uses-permission android:name="android.permission.WAKE_LOCK" />
17-->src\main\AndroidManifest.xml:5:5-67
17-->src\main\AndroidManifest.xml:5:22-65
18    <uses-permission android:name="android.permission.FOREGROUND_SERVICE" />
18-->src\main\AndroidManifest.xml:6:5-76
18-->src\main\AndroidManifest.xml:6:22-74
19    <uses-permission android:name="android.permission.RECEIVE_BOOT_COMPLETED" />
19-->src\main\AndroidManifest.xml:7:5-80
19-->src\main\AndroidManifest.xml:7:22-78
20    <uses-permission android:name="android.permission.VIBRATE" />
20-->src\main\AndroidManifest.xml:8:5-65
20-->src\main\AndroidManifest.xml:8:22-63
21    <uses-permission android:name="android.permission.POST_NOTIFICATIONS" />
21-->src\main\AndroidManifest.xml:13:5-76
21-->src\main\AndroidManifest.xml:13:22-74
22    <!--
23 Required to query activities that can process text, see:
24         https://developer.android.com/training/package-visibility and
25         https://developer.android.com/reference/android/content/Intent#ACTION_PROCESS_TEXT.
26
27         In particular, this is used by the Flutter engine in io.flutter.plugin.text.ProcessTextPlugin.
28    -->
29    <queries>
29-->src\main\AndroidManifest.xml:88:5-93:15
30        <intent>
30-->src\main\AndroidManifest.xml:89:9-92:18
31            <action android:name="android.intent.action.PROCESS_TEXT" />
31-->src\main\AndroidManifest.xml:90:13-72
31-->src\main\AndroidManifest.xml:90:21-70
32
33            <data android:mimeType="text/plain" />
33-->src\main\AndroidManifest.xml:91:13-50
33-->src\main\AndroidManifest.xml:91:19-48
34        </intent>
35        <intent>
35-->[:file_picker] AndroidManifest.xml:8:9-12:18
36            <action android:name="android.intent.action.GET_CONTENT" />
36-->[:file_picker] AndroidManifest.xml:9:13-72
36-->[:file_picker] AndroidManifest.xml:9:21-69
37
38            <data android:mimeType="*/*" />
38-->src\main\AndroidManifest.xml:91:13-50
38-->src\main\AndroidManifest.xml:91:19-48
39        </intent>
40        <intent>
40-->[com.razorpay:standard-core:1.7.4] AndroidManifest.xml:11:9-17:18
41            <action android:name="android.intent.action.VIEW" />
41-->[com.google.firebase:firebase-auth:23.1.0] AndroidManifest.xml:36:17-69
41-->[com.google.firebase:firebase-auth:23.1.0] AndroidManifest.xml:36:25-66
42
43            <data
43-->src\main\AndroidManifest.xml:91:13-50
44                android:mimeType="*/*"
44-->src\main\AndroidManifest.xml:91:19-48
45                android:scheme="*" />
46        </intent>
47        <intent>
47-->[com.razorpay:standard-core:1.7.4] AndroidManifest.xml:18:9-27:18
48            <action android:name="android.intent.action.VIEW" />
48-->[com.google.firebase:firebase-auth:23.1.0] AndroidManifest.xml:36:17-69
48-->[com.google.firebase:firebase-auth:23.1.0] AndroidManifest.xml:36:25-66
49
50            <category android:name="android.intent.category.BROWSABLE" />
50-->[com.google.firebase:firebase-auth:23.1.0] AndroidManifest.xml:39:17-78
50-->[com.google.firebase:firebase-auth:23.1.0] AndroidManifest.xml:39:27-75
51
52            <data
52-->src\main\AndroidManifest.xml:91:13-50
53                android:host="pay"
54                android:mimeType="*/*"
54-->src\main\AndroidManifest.xml:91:19-48
55                android:scheme="upi" />
56        </intent>
57        <intent>
57-->[com.razorpay:standard-core:1.7.4] AndroidManifest.xml:28:9-30:18
58            <action android:name="android.intent.action.MAIN" />
58-->[com.razorpay:standard-core:1.7.4] AndroidManifest.xml:29:13-65
58-->[com.razorpay:standard-core:1.7.4] AndroidManifest.xml:29:21-62
59        </intent>
60        <intent>
60-->[com.razorpay:standard-core:1.7.4] AndroidManifest.xml:31:9-35:18
61            <action android:name="android.intent.action.SEND" />
61-->[com.razorpay:standard-core:1.7.4] AndroidManifest.xml:32:13-65
61-->[com.razorpay:standard-core:1.7.4] AndroidManifest.xml:32:21-62
62
63            <data android:mimeType="*/*" />
63-->src\main\AndroidManifest.xml:91:13-50
63-->src\main\AndroidManifest.xml:91:19-48
64        </intent>
65        <intent>
65-->[com.razorpay:standard-core:1.7.4] AndroidManifest.xml:36:9-38:18
66            <action android:name="rzp.device_token.share" />
66-->[com.razorpay:standard-core:1.7.4] AndroidManifest.xml:37:13-61
66-->[com.razorpay:standard-core:1.7.4] AndroidManifest.xml:37:21-58
67        </intent> <!-- Added to check if Chrome is installed for browser-based payment authentication (e.g. 3DS1). -->
68        <package android:name="com.android.chrome" /> <!-- Needs to be explicitly declared on Android R+ -->
68-->[com.stripe:payments-core:20.52.3] AndroidManifest.xml:11:9-54
68-->[com.stripe:payments-core:20.52.3] AndroidManifest.xml:11:18-51
69        <package android:name="com.google.android.apps.maps" /> <!-- Added to check the default browser that will host the AuthFlow. -->
69-->[com.google.android.gms:play-services-maps:18.0.2] AndroidManifest.xml:33:9-64
69-->[com.google.android.gms:play-services-maps:18.0.2] AndroidManifest.xml:33:18-61
70        <intent>
70-->[com.stripe:financial-connections:20.52.3] AndroidManifest.xml:13:9-17:18
71            <action android:name="android.intent.action.VIEW" />
71-->[com.google.firebase:firebase-auth:23.1.0] AndroidManifest.xml:36:17-69
71-->[com.google.firebase:firebase-auth:23.1.0] AndroidManifest.xml:36:25-66
72
73            <data android:scheme="http" />
73-->src\main\AndroidManifest.xml:91:13-50
74        </intent>
75    </queries> <!-- for Url Luncher -->
76    <queries>
76-->src\main\AndroidManifest.xml:88:5-93:15
77        <intent>
78            <action android:name="android.intent.action.VIEW" />
78-->[com.google.firebase:firebase-auth:23.1.0] AndroidManifest.xml:36:17-69
78-->[com.google.firebase:firebase-auth:23.1.0] AndroidManifest.xml:36:25-66
79
80            <category android:name="android.intent.category.BROWSABLE" />
80-->[com.google.firebase:firebase-auth:23.1.0] AndroidManifest.xml:39:17-78
80-->[com.google.firebase:firebase-auth:23.1.0] AndroidManifest.xml:39:27-75
81
82            <data android:scheme="https" />
82-->src\main\AndroidManifest.xml:91:13-50
83        </intent>
84    </queries>
85    <queries>
85-->src\main\AndroidManifest.xml:88:5-93:15
86        <intent>
87            <action android:name="android.intent.action.SENDTO" />
88
89            <data android:scheme="mailto" />
89-->src\main\AndroidManifest.xml:91:13-50
90        </intent>
91    </queries> <!-- Required by older versions of Google Play services to create IID tokens -->
92    <uses-permission android:name="com.google.android.c2dm.permission.RECEIVE" />
92-->[com.google.firebase:firebase-messaging:24.1.0] AndroidManifest.xml:26:5-82
92-->[com.google.firebase:firebase-messaging:24.1.0] AndroidManifest.xml:26:22-79
93    <uses-permission android:name="com.google.android.gms.permission.AD_ID" />
93-->[com.google.android.gms:play-services-measurement-api:22.1.2] AndroidManifest.xml:25:5-79
93-->[com.google.android.gms:play-services-measurement-api:22.1.2] AndroidManifest.xml:25:22-76
94    <uses-permission android:name="android.permission.ACCESS_ADSERVICES_ATTRIBUTION" />
94-->[com.google.android.gms:play-services-measurement-api:22.1.2] AndroidManifest.xml:26:5-88
94-->[com.google.android.gms:play-services-measurement-api:22.1.2] AndroidManifest.xml:26:22-85
95    <uses-permission android:name="android.permission.ACCESS_ADSERVICES_AD_ID" />
95-->[com.google.android.gms:play-services-measurement-api:22.1.2] AndroidManifest.xml:27:5-82
95-->[com.google.android.gms:play-services-measurement-api:22.1.2] AndroidManifest.xml:27:22-79
96    <uses-permission android:name="com.google.android.providers.gsf.permission.READ_GSERVICES" />
96-->[com.google.android.recaptcha:recaptcha:18.5.1] AndroidManifest.xml:9:5-98
96-->[com.google.android.recaptcha:recaptcha:18.5.1] AndroidManifest.xml:9:22-95
97    <uses-permission android:name="com.google.android.finsky.permission.BIND_GET_INSTALL_REFERRER_SERVICE" />
97-->[com.google.android.gms:play-services-measurement:22.1.2] AndroidManifest.xml:26:5-110
97-->[com.google.android.gms:play-services-measurement:22.1.2] AndroidManifest.xml:26:22-107
98
99    <uses-feature
99-->[com.google.android.gms:play-services-maps:18.0.2] AndroidManifest.xml:26:5-28:35
100        android:glEsVersion="0x00020000"
100-->[com.google.android.gms:play-services-maps:18.0.2] AndroidManifest.xml:27:9-41
101        android:required="true" />
101-->[com.google.android.gms:play-services-maps:18.0.2] AndroidManifest.xml:28:9-32
102
103    <permission
103-->[androidx.core:core:1.13.1] AndroidManifest.xml:22:5-24:47
104        android:name="com.hamzatech.chaudhary.DYNAMIC_RECEIVER_NOT_EXPORTED_PERMISSION"
104-->[androidx.core:core:1.13.1] AndroidManifest.xml:23:9-81
105        android:protectionLevel="signature" />
105-->[androidx.core:core:1.13.1] AndroidManifest.xml:24:9-44
106
107    <uses-permission android:name="com.hamzatech.chaudhary.DYNAMIC_RECEIVER_NOT_EXPORTED_PERMISSION" /> <!-- Normal permission, automatically granted on API 23+ -->
107-->[androidx.core:core:1.13.1] AndroidManifest.xml:26:5-97
107-->[androidx.core:core:1.13.1] AndroidManifest.xml:26:22-94
108    <uses-permission android:name="android.permission.READ_BASIC_PHONE_STATE" />
108-->[com.razorpay:core:1.0.4] AndroidManifest.xml:10:5-81
108-->[com.razorpay:core:1.0.4] AndroidManifest.xml:10:22-78
109
110    <application
111        android:name="android.app.Application"
112        android:appComponentFactory="androidx.core.app.CoreComponentFactory"
112-->[androidx.core:core:1.13.1] AndroidManifest.xml:28:18-86
113        android:debuggable="true"
114        android:extractNativeLibs="false"
115        android:icon="@mipmap/ic_launcher"
116        android:label="chaudhary_collections" >
117        <activity
118            android:name="com.chaudhary.collections.MainActivity"
119            android:configChanges="orientation|keyboardHidden|keyboard|screenSize|smallestScreenSize|locale|layoutDirection|fontScale|screenLayout|density|uiMode"
120            android:exported="true"
121            android:hardwareAccelerated="true"
122            android:launchMode="singleTop"
123            android:taskAffinity=""
124            android:theme="@style/LaunchTheme"
125            android:windowSoftInputMode="adjustResize" >
126
127            <!--
128                 Specifies an Android theme to apply to this Activity as soon as
129                 the Android process has started. This theme is visible to the user
130                 while the Flutter UI initializes. After that, this theme continues
131                 to determine the Window background behind the Flutter UI.
132            -->
133            <meta-data
134                android:name="io.flutter.embedding.android.NormalTheme"
135                android:resource="@style/NormalTheme" />
136
137            <intent-filter>
138                <action android:name="android.intent.action.MAIN" />
138-->[com.razorpay:standard-core:1.7.4] AndroidManifest.xml:29:13-65
138-->[com.razorpay:standard-core:1.7.4] AndroidManifest.xml:29:21-62
139
140                <category android:name="android.intent.category.LAUNCHER" />
141            </intent-filter>
142        </activity>
143        <!--
144             Don't delete the meta-data below.
145             This is used by the Flutter tool to generate GeneratedPluginRegistrant.java
146        -->
147        <meta-data
148            android:name="flutterEmbedding"
149            android:value="2" />
150        <!-- for notification channel -->
151        <meta-data
152            android:name="com.google.firebase.messaging.default_notification_channel_id"
153            android:value="ecomm-channel" />
154
155        <!-- Firebase Messaging Service -->
156
157        <receiver
158            android:name="com.dexterous.flutterlocalnotifications.ScheduledNotificationBootReceiver"
159            android:exported="true" >
160            <intent-filter>
161                <action android:name="android.intent.action.BOOT_COMPLETED" />
162            </intent-filter>
163        </receiver>
164
165        <service
166            android:name="com.google.firebase.messaging.FirebaseMessagingService"
167            android:directBootAware="true"
167-->[com.google.firebase:firebase-messaging:24.1.0] AndroidManifest.xml:48:13-43
168            android:exported="false" >
169            <intent-filter>
169-->[:firebase_messaging] AndroidManifest.xml:21:13-23:29
170                <action android:name="com.google.firebase.MESSAGING_EVENT" />
170-->[:firebase_messaging] AndroidManifest.xml:22:17-78
170-->[:firebase_messaging] AndroidManifest.xml:22:25-75
171            </intent-filter>
172            <intent-filter android:priority="-500" >
172-->[:firebase_messaging] AndroidManifest.xml:21:13-23:29
173                <action android:name="com.google.firebase.MESSAGING_EVENT" />
173-->[:firebase_messaging] AndroidManifest.xml:22:17-78
173-->[:firebase_messaging] AndroidManifest.xml:22:25-75
174            </intent-filter>
175        </service>
176
177        <!-- new -->
178        <service
179            android:name="com.google.firebase.messaging.FirebaseMessagingService"
180            android:exported="false" >
181            <intent-filter>
181-->[:firebase_messaging] AndroidManifest.xml:21:13-23:29
182                <action android:name="com.google.firebase.MESSAGING_EVENT" />
182-->[:firebase_messaging] AndroidManifest.xml:22:17-78
182-->[:firebase_messaging] AndroidManifest.xml:22:25-75
183            </intent-filter>
184        </service>
185        <service
185-->[:cloud_firestore] AndroidManifest.xml:8:9-12:19
186            android:name="com.google.firebase.components.ComponentDiscoveryService"
186-->[:cloud_firestore] AndroidManifest.xml:8:18-89
187            android:directBootAware="true"
187-->[com.google.firebase:firebase-common:21.0.0] AndroidManifest.xml:32:13-43
188            android:exported="false" >
188-->[com.google.firebase:firebase-auth:23.1.0] AndroidManifest.xml:68:13-37
189            <meta-data
189-->[:cloud_firestore] AndroidManifest.xml:9:13-11:85
190                android:name="com.google.firebase.components:io.flutter.plugins.firebase.firestore.FlutterFirebaseFirestoreRegistrar"
190-->[:cloud_firestore] AndroidManifest.xml:10:17-134
191                android:value="com.google.firebase.components.ComponentRegistrar" />
191-->[:cloud_firestore] AndroidManifest.xml:11:17-82
192            <meta-data
192-->[:firebase_analytics] AndroidManifest.xml:13:13-15:85
193                android:name="com.google.firebase.components:io.flutter.plugins.firebase.analytics.FlutterFirebaseAppRegistrar"
193-->[:firebase_analytics] AndroidManifest.xml:14:17-128
194                android:value="com.google.firebase.components.ComponentRegistrar" />
194-->[:firebase_analytics] AndroidManifest.xml:15:17-82
195            <meta-data
195-->[:firebase_auth] AndroidManifest.xml:9:13-11:85
196                android:name="com.google.firebase.components:io.flutter.plugins.firebase.auth.FlutterFirebaseAuthRegistrar"
196-->[:firebase_auth] AndroidManifest.xml:10:17-124
197                android:value="com.google.firebase.components.ComponentRegistrar" />
197-->[:firebase_auth] AndroidManifest.xml:11:17-82
198            <meta-data
198-->[:firebase_messaging] AndroidManifest.xml:36:13-38:85
199                android:name="com.google.firebase.components:io.flutter.plugins.firebase.messaging.FlutterFirebaseAppRegistrar"
199-->[:firebase_messaging] AndroidManifest.xml:37:17-128
200                android:value="com.google.firebase.components.ComponentRegistrar" />
200-->[:firebase_messaging] AndroidManifest.xml:38:17-82
201            <meta-data
201-->[:firebase_core] AndroidManifest.xml:9:13-11:85
202                android:name="com.google.firebase.components:io.flutter.plugins.firebase.core.FlutterFirebaseCoreRegistrar"
202-->[:firebase_core] AndroidManifest.xml:10:17-124
203                android:value="com.google.firebase.components.ComponentRegistrar" />
203-->[:firebase_core] AndroidManifest.xml:11:17-82
204            <meta-data
204-->[com.google.firebase:firebase-auth:23.1.0] AndroidManifest.xml:69:13-71:85
205                android:name="com.google.firebase.components:com.google.firebase.auth.FirebaseAuthRegistrar"
205-->[com.google.firebase:firebase-auth:23.1.0] AndroidManifest.xml:70:17-109
206                android:value="com.google.firebase.components.ComponentRegistrar" />
206-->[com.google.firebase:firebase-auth:23.1.0] AndroidManifest.xml:71:17-82
207            <meta-data
207-->[com.google.firebase:firebase-firestore:25.1.1] AndroidManifest.xml:17:13-19:85
208                android:name="com.google.firebase.components:com.google.firebase.firestore.FirebaseFirestoreKtxRegistrar"
208-->[com.google.firebase:firebase-firestore:25.1.1] AndroidManifest.xml:18:17-122
209                android:value="com.google.firebase.components.ComponentRegistrar" />
209-->[com.google.firebase:firebase-firestore:25.1.1] AndroidManifest.xml:19:17-82
210            <meta-data
210-->[com.google.firebase:firebase-firestore:25.1.1] AndroidManifest.xml:20:13-22:85
211                android:name="com.google.firebase.components:com.google.firebase.firestore.FirestoreRegistrar"
211-->[com.google.firebase:firebase-firestore:25.1.1] AndroidManifest.xml:21:17-111
212                android:value="com.google.firebase.components.ComponentRegistrar" />
212-->[com.google.firebase:firebase-firestore:25.1.1] AndroidManifest.xml:22:17-82
213            <meta-data
213-->[com.google.firebase:firebase-messaging:24.1.0] AndroidManifest.xml:57:13-59:85
214                android:name="com.google.firebase.components:com.google.firebase.messaging.FirebaseMessagingKtxRegistrar"
214-->[com.google.firebase:firebase-messaging:24.1.0] AndroidManifest.xml:58:17-122
215                android:value="com.google.firebase.components.ComponentRegistrar" />
215-->[com.google.firebase:firebase-messaging:24.1.0] AndroidManifest.xml:59:17-82
216            <meta-data
216-->[com.google.firebase:firebase-messaging:24.1.0] AndroidManifest.xml:60:13-62:85
217                android:name="com.google.firebase.components:com.google.firebase.messaging.FirebaseMessagingRegistrar"
217-->[com.google.firebase:firebase-messaging:24.1.0] AndroidManifest.xml:61:17-119
218                android:value="com.google.firebase.components.ComponentRegistrar" />
218-->[com.google.firebase:firebase-messaging:24.1.0] AndroidManifest.xml:62:17-82
219            <meta-data
219-->[com.google.android.gms:play-services-measurement-api:22.1.2] AndroidManifest.xml:37:13-39:85
220                android:name="com.google.firebase.components:com.google.firebase.analytics.connector.internal.AnalyticsConnectorRegistrar"
220-->[com.google.android.gms:play-services-measurement-api:22.1.2] AndroidManifest.xml:38:17-139
221                android:value="com.google.firebase.components.ComponentRegistrar" />
221-->[com.google.android.gms:play-services-measurement-api:22.1.2] AndroidManifest.xml:39:17-82
222            <meta-data
222-->[com.google.firebase:firebase-installations:18.0.0] AndroidManifest.xml:15:13-17:85
223                android:name="com.google.firebase.components:com.google.firebase.installations.FirebaseInstallationsKtxRegistrar"
223-->[com.google.firebase:firebase-installations:18.0.0] AndroidManifest.xml:16:17-130
224                android:value="com.google.firebase.components.ComponentRegistrar" />
224-->[com.google.firebase:firebase-installations:18.0.0] AndroidManifest.xml:17:17-82
225            <meta-data
225-->[com.google.firebase:firebase-installations:18.0.0] AndroidManifest.xml:18:13-20:85
226                android:name="com.google.firebase.components:com.google.firebase.installations.FirebaseInstallationsRegistrar"
226-->[com.google.firebase:firebase-installations:18.0.0] AndroidManifest.xml:19:17-127
227                android:value="com.google.firebase.components.ComponentRegistrar" />
227-->[com.google.firebase:firebase-installations:18.0.0] AndroidManifest.xml:20:17-82
228            <meta-data
228-->[com.google.firebase:firebase-common-ktx:21.0.0] AndroidManifest.xml:12:13-14:85
229                android:name="com.google.firebase.components:com.google.firebase.ktx.FirebaseCommonLegacyRegistrar"
229-->[com.google.firebase:firebase-common-ktx:21.0.0] AndroidManifest.xml:13:17-116
230                android:value="com.google.firebase.components.ComponentRegistrar" />
230-->[com.google.firebase:firebase-common-ktx:21.0.0] AndroidManifest.xml:14:17-82
231            <meta-data
231-->[com.google.firebase:firebase-common:21.0.0] AndroidManifest.xml:35:13-37:85
232                android:name="com.google.firebase.components:com.google.firebase.FirebaseCommonKtxRegistrar"
232-->[com.google.firebase:firebase-common:21.0.0] AndroidManifest.xml:36:17-109
233                android:value="com.google.firebase.components.ComponentRegistrar" />
233-->[com.google.firebase:firebase-common:21.0.0] AndroidManifest.xml:37:17-82
234            <meta-data
234-->[com.google.firebase:firebase-datatransport:18.2.0] AndroidManifest.xml:25:13-27:85
235                android:name="com.google.firebase.components:com.google.firebase.datatransport.TransportRegistrar"
235-->[com.google.firebase:firebase-datatransport:18.2.0] AndroidManifest.xml:26:17-115
236                android:value="com.google.firebase.components.ComponentRegistrar" />
236-->[com.google.firebase:firebase-datatransport:18.2.0] AndroidManifest.xml:27:17-82
237        </service>
238        <service
238-->[:firebase_messaging] AndroidManifest.xml:14:9-17:72
239            android:name="io.flutter.plugins.firebase.messaging.FlutterFirebaseMessagingBackgroundService"
239-->[:firebase_messaging] AndroidManifest.xml:15:13-107
240            android:exported="false"
240-->[:firebase_messaging] AndroidManifest.xml:16:13-37
241            android:permission="android.permission.BIND_JOB_SERVICE" />
241-->[:firebase_messaging] AndroidManifest.xml:17:13-69
242        <service
242-->[:firebase_messaging] AndroidManifest.xml:18:9-24:19
243            android:name="io.flutter.plugins.firebase.messaging.FlutterFirebaseMessagingService"
243-->[:firebase_messaging] AndroidManifest.xml:19:13-97
244            android:exported="false" >
244-->[:firebase_messaging] AndroidManifest.xml:20:13-37
245            <intent-filter>
245-->[:firebase_messaging] AndroidManifest.xml:21:13-23:29
246                <action android:name="com.google.firebase.MESSAGING_EVENT" />
246-->[:firebase_messaging] AndroidManifest.xml:22:17-78
246-->[:firebase_messaging] AndroidManifest.xml:22:25-75
247            </intent-filter>
248        </service>
249
250        <receiver
250-->[:firebase_messaging] AndroidManifest.xml:26:9-33:20
251            android:name="io.flutter.plugins.firebase.messaging.FlutterFirebaseMessagingReceiver"
251-->[:firebase_messaging] AndroidManifest.xml:27:13-98
252            android:exported="true"
252-->[:firebase_messaging] AndroidManifest.xml:28:13-36
253            android:permission="com.google.android.c2dm.permission.SEND" >
253-->[:firebase_messaging] AndroidManifest.xml:29:13-73
254            <intent-filter>
254-->[:firebase_messaging] AndroidManifest.xml:30:13-32:29
255                <action android:name="com.google.android.c2dm.intent.RECEIVE" />
255-->[:firebase_messaging] AndroidManifest.xml:31:17-81
255-->[:firebase_messaging] AndroidManifest.xml:31:25-78
256            </intent-filter>
257        </receiver>
258
259        <provider
259-->[:firebase_messaging] AndroidManifest.xml:41:9-45:38
260            android:name="io.flutter.plugins.firebase.messaging.FlutterFirebaseMessagingInitProvider"
260-->[:firebase_messaging] AndroidManifest.xml:42:13-102
261            android:authorities="com.hamzatech.chaudhary.flutterfirebasemessaginginitprovider"
261-->[:firebase_messaging] AndroidManifest.xml:43:13-88
262            android:exported="false"
262-->[:firebase_messaging] AndroidManifest.xml:44:13-37
263            android:initOrder="99" />
263-->[:firebase_messaging] AndroidManifest.xml:45:13-35
264        <provider
264-->[:image_picker_android] AndroidManifest.xml:9:9-17:20
265            android:name="io.flutter.plugins.imagepicker.ImagePickerFileProvider"
265-->[:image_picker_android] AndroidManifest.xml:10:13-82
266            android:authorities="com.hamzatech.chaudhary.flutter.image_provider"
266-->[:image_picker_android] AndroidManifest.xml:11:13-74
267            android:exported="false"
267-->[:image_picker_android] AndroidManifest.xml:12:13-37
268            android:grantUriPermissions="true" >
268-->[:image_picker_android] AndroidManifest.xml:13:13-47
269            <meta-data
269-->[:image_picker_android] AndroidManifest.xml:14:13-16:75
270                android:name="android.support.FILE_PROVIDER_PATHS"
270-->[:image_picker_android] AndroidManifest.xml:15:17-67
271                android:resource="@xml/flutter_image_picker_file_paths" />
271-->[:image_picker_android] AndroidManifest.xml:16:17-72
272        </provider> <!-- Trigger Google Play services to install the backported photo picker module. -->
273        <service
273-->[:image_picker_android] AndroidManifest.xml:19:9-31:19
274            android:name="com.google.android.gms.metadata.ModuleDependencies"
274-->[:image_picker_android] AndroidManifest.xml:20:13-78
275            android:enabled="false"
275-->[:image_picker_android] AndroidManifest.xml:21:13-36
276            android:exported="false" >
276-->[:image_picker_android] AndroidManifest.xml:22:13-37
277            <intent-filter>
277-->[:image_picker_android] AndroidManifest.xml:24:13-26:29
278                <action android:name="com.google.android.gms.metadata.MODULE_DEPENDENCIES" />
278-->[:image_picker_android] AndroidManifest.xml:25:17-94
278-->[:image_picker_android] AndroidManifest.xml:25:25-91
279            </intent-filter>
280
281            <meta-data
281-->[:image_picker_android] AndroidManifest.xml:28:13-30:36
282                android:name="photopicker_activity:0:required"
282-->[:image_picker_android] AndroidManifest.xml:29:17-63
283                android:value="" />
283-->[:image_picker_android] AndroidManifest.xml:30:17-33
284        </service>
285
286        <activity
286-->[:url_launcher_android] AndroidManifest.xml:8:9-11:74
287            android:name="io.flutter.plugins.urllauncher.WebViewActivity"
287-->[:url_launcher_android] AndroidManifest.xml:9:13-74
288            android:exported="false"
288-->[:url_launcher_android] AndroidManifest.xml:10:13-37
289            android:theme="@android:style/Theme.NoTitleBar.Fullscreen" />
289-->[:url_launcher_android] AndroidManifest.xml:11:13-71
290        <activity
290-->[com.google.firebase:firebase-auth:23.1.0] AndroidManifest.xml:29:9-46:20
291            android:name="com.google.firebase.auth.internal.GenericIdpActivity"
291-->[com.google.firebase:firebase-auth:23.1.0] AndroidManifest.xml:30:13-80
292            android:excludeFromRecents="true"
292-->[com.google.firebase:firebase-auth:23.1.0] AndroidManifest.xml:31:13-46
293            android:exported="true"
293-->[com.google.firebase:firebase-auth:23.1.0] AndroidManifest.xml:32:13-36
294            android:launchMode="singleTask"
294-->[com.google.firebase:firebase-auth:23.1.0] AndroidManifest.xml:33:13-44
295            android:theme="@android:style/Theme.Translucent.NoTitleBar" >
295-->[com.google.firebase:firebase-auth:23.1.0] AndroidManifest.xml:34:13-72
296            <intent-filter>
296-->[com.google.firebase:firebase-auth:23.1.0] AndroidManifest.xml:35:13-45:29
297                <action android:name="android.intent.action.VIEW" />
297-->[com.google.firebase:firebase-auth:23.1.0] AndroidManifest.xml:36:17-69
297-->[com.google.firebase:firebase-auth:23.1.0] AndroidManifest.xml:36:25-66
298
299                <category android:name="android.intent.category.DEFAULT" />
299-->[com.google.firebase:firebase-auth:23.1.0] AndroidManifest.xml:38:17-76
299-->[com.google.firebase:firebase-auth:23.1.0] AndroidManifest.xml:38:27-73
300                <category android:name="android.intent.category.BROWSABLE" />
300-->[com.google.firebase:firebase-auth:23.1.0] AndroidManifest.xml:39:17-78
300-->[com.google.firebase:firebase-auth:23.1.0] AndroidManifest.xml:39:27-75
301
302                <data
302-->src\main\AndroidManifest.xml:91:13-50
303                    android:host="firebase.auth"
304                    android:path="/"
305                    android:scheme="genericidp" />
306            </intent-filter>
307        </activity>
308        <activity
308-->[com.google.firebase:firebase-auth:23.1.0] AndroidManifest.xml:47:9-64:20
309            android:name="com.google.firebase.auth.internal.RecaptchaActivity"
309-->[com.google.firebase:firebase-auth:23.1.0] AndroidManifest.xml:48:13-79
310            android:excludeFromRecents="true"
310-->[com.google.firebase:firebase-auth:23.1.0] AndroidManifest.xml:49:13-46
311            android:exported="true"
311-->[com.google.firebase:firebase-auth:23.1.0] AndroidManifest.xml:50:13-36